<?xml version="1.0" encoding="UTF-8"?>
<testsuite name="DBDaoCRUDTest" tests="8" skipped="0" failures="0" errors="0" timestamp="2020-10-06T19:25:55" hostname="Chenyus-MacBook-Pro.local" time="0.037">
  <properties/>
  <testcase name="testBookListAll" classname="DBDaoCRUDTest" time="0.019"/>
  <testcase name="testBookAdd" classname="DBDaoCRUDTest" time="0.007"/>
  <testcase name="testAuthorListAll" classname="DBDaoCRUDTest" time="0.003"/>
  <testcase name="testAuthorDelete" classname="DBDaoCRUDTest" time="0.002"/>
  <testcase name="testBookDelete" classname="DBDaoCRUDTest" time="0.002"/>
  <testcase name="testAuthorUpdate" classname="DBDaoCRUDTest" time="0.001"/>
  <testcase name="testBookUpdate" classname="DBDaoCRUDTest" time="0.001"/>
  <testcase name="testAuthorAdd" classname="DBDaoCRUDTest" time="0.002"/>
  <system-out><![CDATA[]]></system-out>
  <system-err><![CDATA[]]></system-err>
</testsuite>
